2019-02-28T20:10:35.497-0500 I CONTROL  [initandlisten] MongoDB starting : pid=4901 port=27017 dbpath=/Users/ryne/GoogleDrive/SIT/PycharmProjects/SSW695_DuckHome/duck_base/data 64-bit host=host-vlah3-25.dhcp.stevens-tech.edu
2019-02-28T20:10:35.498-0500 I CONTROL  [initandlisten] db version v3.6.10
2019-02-28T20:10:35.499-0500 I CONTROL  [initandlisten] git version: 3e3ab85bfb98875af3bc6e74eeb945b0719f69c8
2019-02-28T20:10:35.499-0500 I CONTROL  [initandlisten] OpenSSL version: OpenSSL 1.1.0i  14 Aug 2018
2019-02-28T20:10:35.500-0500 I CONTROL  [initandlisten] allocator: system
2019-02-28T20:10:35.501-0500 I CONTROL  [initandlisten] modules: none
2019-02-28T20:10:35.501-0500 I CONTROL  [initandlisten] build environment:
2019-02-28T20:10:35.502-0500 I CONTROL  [initandlisten]     distarch: x86_64
2019-02-28T20:10:35.503-0500 I CONTROL  [initandlisten]     target_arch: x86_64
2019-02-28T20:10:35.503-0500 I CONTROL  [initandlisten] options: { config: "conf/mongod.conf", net: { port: 27017 }, processManagement: { fork: true }, storage: { dbPath: "data" }, systemLog: { destination: "file", path: "log/mongod.log" } }
2019-02-28T20:10:35.506-0500 I -        [initandlisten] Detected data files in /Users/ryne/GoogleDrive/SIT/PycharmProjects/SSW695_DuckHome/duck_base/data created by the 'wiredTiger' storage engine, so setting the active storage engine to 'wiredTiger'.
2019-02-28T20:10:35.507-0500 I STORAGE  [initandlisten] wiredtiger_open config: create,cache_size=3584M,session_max=20000,eviction=(threads_min=4,threads_max=4),config_base=false,statistics=(fast),compatibility=(release="3.0",require_max="3.0"),log=(enabled=true,archive=true,path=journal,compressor=snappy),file_manager=(close_idle_time=100000),statistics_log=(wait=0),verbose=(recovery_progress),
2019-02-28T20:10:36.289-0500 I STORAGE  [initandlisten] WiredTiger message [1551402636:289194][4901:0x10ec795c0], txn-recover: Main recovery loop: starting at 1/30080
2019-02-28T20:10:36.382-0500 I STORAGE  [initandlisten] WiredTiger message [1551402636:382931][4901:0x10ec795c0], txn-recover: Recovering log 1 through 2
2019-02-28T20:10:36.446-0500 I STORAGE  [initandlisten] WiredTiger message [1551402636:446132][4901:0x10ec795c0], txn-recover: Recovering log 2 through 2
2019-02-28T20:10:36.496-0500 I STORAGE  [initandlisten] WiredTiger message [1551402636:496413][4901:0x10ec795c0], txn-recover: Set global recovery timestamp: 0
2019-02-28T20:10:36.613-0500 I CONTROL  [initandlisten] 
2019-02-28T20:10:36.615-0500 I CONTROL  [initandlisten] ** WARNING: Access control is not enabled for the database.
2019-02-28T20:10:36.617-0500 I CONTROL  [initandlisten] **          Read and write access to data and configuration is unrestricted.
2019-02-28T20:10:36.619-0500 I CONTROL  [initandlisten] 
2019-02-28T20:10:36.620-0500 I CONTROL  [initandlisten] ** WARNING: This server is bound to localhost.
2019-02-28T20:10:36.621-0500 I CONTROL  [initandlisten] **          Remote systems will be unable to connect to this server. 
2019-02-28T20:10:36.622-0500 I CONTROL  [initandlisten] **          Start the server with --bind_ip <address> to specify which IP 
2019-02-28T20:10:36.623-0500 I CONTROL  [initandlisten] **          addresses it should serve responses from, or with --bind_ip_all to
2019-02-28T20:10:36.624-0500 I CONTROL  [initandlisten] **          bind to all interfaces. If this behavior is desired, start the
2019-02-28T20:10:36.625-0500 I CONTROL  [initandlisten] **          server with --bind_ip 127.0.0.1 to disable this warning.
2019-02-28T20:10:36.625-0500 I CONTROL  [initandlisten] 
2019-02-28T20:10:36.626-0500 I CONTROL  [initandlisten] 
2019-02-28T20:10:36.627-0500 I CONTROL  [initandlisten] ** WARNING: soft rlimits too low. Number of files is 256, should be at least 1000
2019-02-28T20:10:36.876-0500 I FTDC     [initandlisten] Initializing full-time diagnostic data capture with directory '/Users/ryne/GoogleDrive/SIT/PycharmProjects/SSW695_DuckHome/duck_base/data/diagnostic.data'
2019-02-28T20:10:36.944-0500 I NETWORK  [initandlisten] waiting for connections on port 27017
2019-02-28T20:10:54.322-0500 I NETWORK  [listener] connection accepted from 127.0.0.1:63411 #1 (1 connection now open)
2019-02-28T20:10:54.330-0500 I NETWORK  [conn1] received client metadata from 127.0.0.1:63411 conn1: { application: { name: "MongoDB Shell" }, driver: { name: "MongoDB Internal Client", version: "3.6.10" }, os: { type: "Darwin", name: "Mac OS X", architecture: "x86_64", version: "18.2.0" } }
2019-02-28T20:12:24.010-0500 I NETWORK  [listener] connection accepted from 127.0.0.1:63416 #2 (2 connections now open)
2019-02-28T20:12:24.065-0500 I STORAGE  [conn2] createCollection: duckbase.apartment_list with generated UUID: 065547a7-0544-46ef-a82a-b3c208b2dec8
2019-02-28T20:12:24.107-0500 I NETWORK  [conn2] end connection 127.0.0.1:63416 (1 connection now open)
2019-02-28T21:08:14.943-0500 I COMMAND  [conn1] terminating, shutdown command received
2019-02-28T21:08:14.945-0500 I NETWORK  [conn1] shutdown: going to close listening sockets...
2019-02-28T21:08:14.946-0500 I NETWORK  [conn1] removing socket file: /tmp/mongodb-27017.sock
2019-02-28T21:08:14.954-0500 I FTDC     [conn1] Shutting down full-time diagnostic data capture
2019-02-28T21:08:14.958-0500 I STORAGE  [conn1] WiredTigerKVEngine shutting down
2019-02-28T21:08:15.008-0500 I STORAGE  [conn1] shutdown: removing fs lock...
2019-02-28T21:08:15.013-0500 I CONTROL  [conn1] now exiting
2019-02-28T21:08:15.015-0500 I CONTROL  [conn1] shutting down with code:0
